<?xml version="1.0" encoding="UTF-8"?>
<testsuite xmlns:xsi="http://www.w3.org/2001/XMLSchema-instance" xsi:noNamespaceSchemaLocation="https://maven.apache.org/surefire/maven-surefire-plugin/xsd/surefire-test-report.xsd" version="3.0.2" name="com.microservices.loans.LoansApplicationTests" time="38.078" tests="1" errors="0" skipped="0" failures="0">
  <properties>
[...]
</properties>
  <testcase name="contextLoads" classname="com.microservices.loans.LoansApplicationTests" time="0.853">
    <system-out><![CDATA[01:38:42.935 [main] INFO org.springframework.test.context.support.AnnotationConfigContextLoaderUtils -- Could not detect default configuration classes for test class [com.microservices.loans.LoansApplicationTests]: LoansApplicationTests does not declare any static, non-private, non-final, nested classes annotated with @Configuration.
01:38:43.068 [main] INFO org.springframework.boot.test.context.SpringBootTestContextBootstrapper -- Found @SpringBootConfiguration com.microservices.loans.LoansApplication for test class com.microservices.loans.LoansApplicationTests
01:38:43.527 [main] INFO org.springframework.boot.devtools.restart.RestartApplicationListener -- Restart disabled due to context in which it is running

  .   ____          _            __ _ _
 /\\ / ___'_ __ _ _(_)_ __  __ _ \ \ \ \
( ( )\___ | '_ | '_| | '_ \/ _` | \ \ \ \
 \\/  ___)| |_)| | | | | || (_| |  ) ) ) )
  '  |____| .__|_| |_|_| |_\__, | / / / /
 =========|_|==============|___/=/_/_/_/

 :: Spring Boot ::                (v3.4.3)

2025-06-08T01:38:51.276+07:00  INFO 19104 --- [loans] [           main] c.c.c.ConfigServicePropertySourceLocator : Fetching config from server at : http://localhost:8888
2025-06-08T01:38:51.295+07:00  INFO 19104 --- [loans] [           main] c.c.c.ConfigServicePropertySourceLocator : Exception on Url - http://localhost:8888:org.springframework.web.client.ResourceAccessException: I/O error on GET request for "http://localhost:8888/loans/default": Connection refused: getsockopt. Will be trying the next url if available
2025-06-08T01:38:51.295+07:00  WARN 19104 --- [loans] [           main] c.c.c.ConfigServicePropertySourceLocator : Could not locate PropertySource: I/O error on GET request for "http://localhost:8888/loans/default": Connection refused: getsockopt
2025-06-08T01:38:51.320+07:00  INFO 19104 --- [loans] [           main] c.m.loans.LoansApplicationTests          : The following 1 profile is active: "prod"
2025-06-08T01:38:51.337+07:00  INFO 19104 --- [loans] [           main] o.s.c.c.c.ConfigServerConfigDataLoader   : Fetching config from server at : http://localhost:8088/
2025-06-08T01:38:51.337+07:00  INFO 19104 --- [loans] [           main] o.s.c.c.c.ConfigServerConfigDataLoader   : Located environment: name=loans, profiles=[default], label=null, version=ad49a4a225e175b7de02341c0ed642022c6f3ee0, state=
2025-06-08T01:38:51.337+07:00  INFO 19104 --- [loans] [           main] o.s.c.c.c.ConfigServerConfigDataLoader   : Fetching config from server at : http://localhost:8088/
2025-06-08T01:38:51.337+07:00  INFO 19104 --- [loans] [           main] o.s.c.c.c.ConfigServerConfigDataLoader   : Located environment: name=loans, profiles=[prod], label=null, version=ad49a4a225e175b7de02341c0ed642022c6f3ee0, state=
2025-06-08T01:38:54.819+07:00  INFO 19104 --- [loans] [           main] .s.d.r.c.RepositoryConfigurationDelegate : Bootstrapping Spring Data JPA repositories in DEFAULT mode.
2025-06-08T01:38:55.269+07:00  INFO 19104 --- [loans] [           main] .s.d.r.c.RepositoryConfigurationDelegate : Finished Spring Data repository scanning in 417 ms. Found 1 JPA repository interface.
2025-06-08T01:38:55.956+07:00  INFO 19104 --- [loans] [           main] faultConfiguringBeanFactoryPostProcessor : No bean named 'errorChannel' has been explicitly defined. Therefore, a default PublishSubscribeChannel will be created.
2025-06-08T01:38:55.982+07:00  INFO 19104 --- [loans] [           main] faultConfiguringBeanFactoryPostProcessor : No bean named 'integrationHeaderChannelRegistry' has been explicitly defined. Therefore, a default DefaultHeaderChannelRegistry will be created.
2025-06-08T01:38:56.455+07:00  INFO 19104 --- [loans] [           main] o.s.cloud.context.scope.GenericScope     : BeanFactory id=288c4d30-86ed-368b-a9e7-10054b1cf6c1
2025-06-08T01:38:58.536+07:00  INFO 19104 --- [loans] [           main] com.zaxxer.hikari.HikariDataSource       : HikariPool-1 - Starting...
2025-06-08T01:38:59.307+07:00  INFO 19104 --- [loans] [           main] com.zaxxer.hikari.pool.HikariPool        : HikariPool-1 - Added connection conn0: url=jdbc:h2:mem:testdb user=SA
2025-06-08T01:38:59.314+07:00  INFO 19104 --- [loans] [           main] com.zaxxer.hikari.HikariDataSource       : HikariPool-1 - Start completed.
2025-06-08T01:39:02.792+07:00  INFO 19104 --- [loans] [           main] o.hibernate.jpa.internal.util.LogHelper  : HHH000204: Processing PersistenceUnitInfo [name: default]
2025-06-08T01:39:03.185+07:00  INFO 19104 --- [loans] [           main] org.hibernate.Version                    : HHH000412: Hibernate ORM core version 6.6.8.Final
2025-06-08T01:39:03.362+07:00  INFO 19104 --- [loans] [           main] o.h.c.internal.RegionFactoryInitiator    : HHH000026: Second-level cache disabled
2025-06-08T01:39:04.724+07:00  INFO 19104 --- [loans] [           main] o.s.o.j.p.SpringPersistenceUnitInfo      : No LoadTimeWeaver setup: ignoring JPA class transformer
2025-06-08T01:39:05.100+07:00  WARN 19104 --- [loans] [           main] org.hibernate.orm.deprecation            : HHH90000025: H2Dialect does not need to be specified explicitly using 'hibernate.dialect' (remove the property setting and it will be selected by default)
2025-06-08T01:39:05.362+07:00  INFO 19104 --- [loans] [           main] org.hibernate.orm.connections.pooling    : HHH10001005: Database info:
	Database JDBC URL [Connecting through datasource 'HikariDataSource (HikariPool-1)']
	Database driver: undefined/unknown
	Database version: 2.3.232
	Autocommit mode: undefined/unknown
	Isolation level: undefined/unknown
	Minimum pool size: undefined/unknown
	Maximum pool size: undefined/unknown
2025-06-08T01:39:07.851+07:00  INFO 19104 --- [loans] [           main] o.h.e.t.j.p.i.JtaPlatformInitiator       : HHH000489: No JTA platform available (set 'hibernate.transaction.jta.platform' to enable JTA platform integration)
Hibernate: alter table if exists loans alter column loan_id set data type bigint
Hibernate: alter table if exists loans alter column created_at set data type timestamp(6)
Hibernate: alter table if exists loans alter column created_by set data type varchar(255)
Hibernate: alter table if exists loans alter column updated_at set data type timestamp(6)
Hibernate: alter table if exists loans alter column updated_by set data type varchar(255)
Hibernate: alter table if exists loans alter column loan_number set data type varchar(255)
Hibernate: alter table if exists loans alter column loan_type set data type varchar(255)
Hibernate: alter table if exists loans alter column mobile_number set data type varchar(255)
2025-06-08T01:39:07.969+07:00  INFO 19104 --- [loans] [           main] j.LocalContainerEntityManagerFactoryBean : Initialized JPA EntityManagerFactory for persistence unit 'default'
2025-06-08T01:39:09.939+07:00  WARN 19104 --- [loans] [           main] JpaBaseConfiguration$JpaWebConfiguration : spring.jpa.open-in-view is enabled by default. Therefore, database queries may be performed during view rendering. Explicitly configure spring.jpa.open-in-view to disable this warning
2025-06-08T01:39:15.594+07:00  INFO 19104 --- [loans] [           main] o.s.cloud.commons.util.InetUtils         : Cannot determine local hostname
2025-06-08T01:39:16.617+07:00  INFO 19104 --- [loans] [           main] o.s.c.s.m.DirectWithAttributesChannel    : Channel 'application-1.springCloudBusInput' has 1 subscriber(s).
2025-06-08T01:39:17.105+07:00  INFO 19104 --- [loans] [           main] o.s.b.a.h2.H2ConsoleAutoConfiguration    : H2 console available at '/h2-console'. Database available at 'jdbc:h2:mem:testdb'
2025-06-08T01:39:18.273+07:00  INFO 19104 --- [loans] [           main] o.s.cloud.commons.util.InetUtils         : Cannot determine local hostname
2025-06-08T01:39:18.345+07:00  INFO 19104 --- [loans] [           main] o.s.b.a.e.web.EndpointLinksResolver      : Exposing 23 endpoints beneath base path '/actuator'
2025-06-08T01:39:18.758+07:00  INFO 19104 --- [loans] [           main] o.s.i.endpoint.EventDrivenConsumer       : Adding {logging-channel-adapter:_org.springframework.integration.errorLogger} as a subscriber to the 'errorChannel' channel
2025-06-08T01:39:18.759+07:00  INFO 19104 --- [loans] [           main] o.s.i.channel.PublishSubscribeChannel    : Channel 'application-1.errorChannel' has 1 subscriber(s).
2025-06-08T01:39:18.761+07:00  INFO 19104 --- [loans] [           main] o.s.i.endpoint.EventDrivenConsumer       : started bean '_org.springframework.integration.errorLogger'
2025-06-08T01:39:18.892+07:00  INFO 19104 --- [loans] [           main] o.s.c.s.binder.DefaultBinderFactory      : Creating binder: rabbit
2025-06-08T01:39:18.892+07:00  INFO 19104 --- [loans] [           main] o.s.c.s.binder.DefaultBinderFactory      : Constructing binder child context for rabbit
2025-06-08T01:39:19.119+07:00  INFO 19104 --- [loans] [           main] o.s.c.s.binder.DefaultBinderFactory      : Caching the binder: rabbit
2025-06-08T01:39:19.207+07:00  INFO 19104 --- [loans] [           main] c.s.b.r.p.RabbitExchangeQueueProvisioner : declaring queue for inbound: springCloudBus.anonymous.Sru6bQpoRAyEXBpeCh80jA, bound to: springCloudBus
2025-06-08T01:39:19.223+07:00  INFO 19104 --- [loans] [           main] o.s.a.r.c.CachingConnectionFactory       : Attempting to connect to: [localhost:5672]
2025-06-08T01:39:19.431+07:00  INFO 19104 --- [loans] [           main] o.s.a.r.c.CachingConnectionFactory       : Created new connection: rabbitConnectionFactory#7569efdd:0/SimpleConnection@5c5432d9 [delegate=amqp://guest@127.0.0.1:5672/, localPort=60851]
2025-06-08T01:39:19.605+07:00  INFO 19104 --- [loans] [           main] o.s.c.stream.binder.BinderErrorChannel   : Channel 'rabbit-2035431929.springCloudBusInput.errors' has 1 subscriber(s).
2025-06-08T01:39:19.607+07:00  INFO 19104 --- [loans] [           main] o.s.c.stream.binder.BinderErrorChannel   : Channel 'rabbit-2035431929.springCloudBusInput.errors' has 2 subscriber(s).
2025-06-08T01:39:19.655+07:00  INFO 19104 --- [loans] [           main] o.s.i.a.i.AmqpInboundChannelAdapter      : started bean 'inbound.springCloudBus.anonymous.Sru6bQpoRAyEXBpeCh80jA'
2025-06-08T01:39:19.761+07:00  INFO 19104 --- [loans] [           main] c.m.loans.LoansApplicationTests          : Started LoansApplicationTests in 36.245 seconds (process running for 37.737)
]]></system-out>
    <system-err><![CDATA[Mockito is currently self-attaching to enable the inline-mock-maker. This will no longer work in future releases of the JDK. Please add Mockito as an agent to your build what is described in Mockito's documentation: https://javadoc.io/doc/org.mockito/mockito-core/latest/org/mockito/Mockito.html#0.3
WARNING: A Java agent has been loaded dynamically (C:\Users\ASUS\.m2\repository\net\bytebuddy\byte-buddy-agent\1.15.11\byte-buddy-agent-1.15.11.jar)
WARNING: If a serviceability tool is in use, please run with -XX:+EnableDynamicAgentLoading to hide this warning
WARNING: If a serviceability tool is not in use, please run with -Djdk.instrument.traceUsage for more information
WARNING: Dynamic loading of agents will be disallowed by default in a future release
]]></system-err>
  </testcase>
</testsuite>