<?xml version="1.0" encoding="UTF-8"?>
<testsuite xmlns:xsi="http://www.w3.org/2001/XMLSchema-instance" xsi:noNamespaceSchemaLocation="https://maven.apache.org/surefire/maven-surefire-plugin/xsd/surefire-test-report.xsd" version="3.0.2" name="com.microservices.loans.LoansApplicationTests" time="19.519" tests="1" errors="0" skipped="0" failures="0">
  <properties>
[...]
</properties>
  <testcase name="contextLoads" classname="com.microservices.loans.LoansApplicationTests" time="0.637">
    <system-out><![CDATA[21:22:53.006 [main] INFO org.springframework.test.context.support.AnnotationConfigContextLoaderUtils -- Could not detect default configuration classes for test class [com.microservices.loans.LoansApplicationTests]: LoansApplicationTests does not declare any static, non-private, non-final, nested classes annotated with @Configuration.
21:22:53.209 [main] INFO org.springframework.boot.test.context.SpringBootTestContextBootstrapper -- Found @SpringBootConfiguration com.microservices.loans.LoansApplication for test class com.microservices.loans.LoansApplicationTests
21:22:53.925 [main] INFO org.springframework.boot.devtools.restart.RestartApplicationListener -- Restart disabled due to context in which it is running

  .   ____          _            __ _ _
 /\\ / ___'_ __ _ _(_)_ __  __ _ \ \ \ \
( ( )\___ | '_ | '_| | '_ \/ _` | \ \ \ \
 \\/  ___)| |_)| | | | | || (_| |  ) ) ) )
  '  |____| .__|_| |_|_| |_\__, | / / / /
 =========|_|==============|___/=/_/_/_/

 :: Spring Boot ::                (v3.4.3)

2025-06-12T21:22:58.145+07:00  INFO 8344 --- [loans] [           main] c.m.loans.LoansApplicationTests          : Starting LoansApplicationTests using Java 21.0.6 with PID 8344 (started by Ridho in D:\project-java-spring\microservices\microservices-06\loans)
2025-06-12T21:22:58.147+07:00  INFO 8344 --- [loans] [           main] c.m.loans.LoansApplicationTests          : The following 1 profile is active: "prod"
2025-06-12T21:22:58.201+07:00  INFO 8344 --- [loans] [           main] o.s.c.c.c.ConfigServerConfigDataLoader   : Fetching config from server at : http://localhost:8088/
2025-06-12T21:22:58.201+07:00  INFO 8344 --- [loans] [           main] o.s.c.c.c.ConfigServerConfigDataLoader   : Located environment: name=loans, profiles=[default], label=null, version=3b9d2fa78e2c0d0f42d325987ae58de265a703bd, state=
2025-06-12T21:22:58.201+07:00  INFO 8344 --- [loans] [           main] o.s.c.c.c.ConfigServerConfigDataLoader   : Fetching config from server at : http://localhost:8088/
2025-06-12T21:22:58.201+07:00  INFO 8344 --- [loans] [           main] o.s.c.c.c.ConfigServerConfigDataLoader   : Located environment: name=loans, profiles=[prod], label=null, version=3b9d2fa78e2c0d0f42d325987ae58de265a703bd, state=
2025-06-12T21:23:00.686+07:00  INFO 8344 --- [loans] [           main] .s.d.r.c.RepositoryConfigurationDelegate : Bootstrapping Spring Data JPA repositories in DEFAULT mode.
2025-06-12T21:23:00.911+07:00  INFO 8344 --- [loans] [           main] .s.d.r.c.RepositoryConfigurationDelegate : Finished Spring Data repository scanning in 208 ms. Found 1 JPA repository interface.
2025-06-12T21:23:01.394+07:00  INFO 8344 --- [loans] [           main] o.s.cloud.context.scope.GenericScope     : BeanFactory id=0c37057d-0b86-3b5c-8a4b-4d59651572a0
2025-06-12T21:23:02.415+07:00  INFO 8344 --- [loans] [           main] com.zaxxer.hikari.HikariDataSource       : HikariPool-1 - Starting...
2025-06-12T21:23:02.796+07:00  INFO 8344 --- [loans] [           main] com.zaxxer.hikari.pool.HikariPool        : HikariPool-1 - Added connection conn0: url=jdbc:h2:mem:testdb user=SA
2025-06-12T21:23:02.798+07:00  INFO 8344 --- [loans] [           main] com.zaxxer.hikari.HikariDataSource       : HikariPool-1 - Start completed.
2025-06-12T21:23:03.259+07:00  INFO 8344 --- [loans] [           main] o.hibernate.jpa.internal.util.LogHelper  : HHH000204: Processing PersistenceUnitInfo [name: default]
2025-06-12T21:23:03.435+07:00  INFO 8344 --- [loans] [           main] org.hibernate.Version                    : HHH000412: Hibernate ORM core version 6.6.8.Final
2025-06-12T21:23:03.518+07:00  INFO 8344 --- [loans] [           main] o.h.c.internal.RegionFactoryInitiator    : HHH000026: Second-level cache disabled
2025-06-12T21:23:03.963+07:00  INFO 8344 --- [loans] [           main] o.s.o.j.p.SpringPersistenceUnitInfo      : No LoadTimeWeaver setup: ignoring JPA class transformer
2025-06-12T21:23:04.030+07:00  WARN 8344 --- [loans] [           main] org.hibernate.orm.deprecation            : HHH90000025: H2Dialect does not need to be specified explicitly using 'hibernate.dialect' (remove the property setting and it will be selected by default)
2025-06-12T21:23:04.048+07:00  INFO 8344 --- [loans] [           main] org.hibernate.orm.connections.pooling    : HHH10001005: Database info:
	Database JDBC URL [Connecting through datasource 'HikariDataSource (HikariPool-1)']
	Database driver: undefined/unknown
	Database version: 2.3.232
	Autocommit mode: undefined/unknown
	Isolation level: undefined/unknown
	Minimum pool size: undefined/unknown
	Maximum pool size: undefined/unknown
2025-06-12T21:23:05.078+07:00  INFO 8344 --- [loans] [           main] o.h.e.t.j.p.i.JtaPlatformInitiator       : HHH000489: No JTA platform available (set 'hibernate.transaction.jta.platform' to enable JTA platform integration)
Hibernate: alter table if exists loans alter column loan_id set data type bigint
Hibernate: alter table if exists loans alter column created_at set data type timestamp(6)
Hibernate: alter table if exists loans alter column created_by set data type varchar(255)
Hibernate: alter table if exists loans alter column updated_at set data type timestamp(6)
Hibernate: alter table if exists loans alter column updated_by set data type varchar(255)
Hibernate: alter table if exists loans alter column loan_number set data type varchar(255)
Hibernate: alter table if exists loans alter column loan_type set data type varchar(255)
Hibernate: alter table if exists loans alter column mobile_number set data type varchar(255)
2025-06-12T21:23:05.164+07:00  INFO 8344 --- [loans] [           main] j.LocalContainerEntityManagerFactoryBean : Initialized JPA EntityManagerFactory for persistence unit 'default'
2025-06-12T21:23:06.377+07:00  WARN 8344 --- [loans] [           main] JpaBaseConfiguration$JpaWebConfiguration : spring.jpa.open-in-view is enabled by default. Therefore, database queries may be performed during view rendering. Explicitly configure spring.jpa.open-in-view to disable this warning
2025-06-12T21:23:08.564+07:00  INFO 8344 --- [loans] [           main] o.s.cloud.commons.util.InetUtils         : Cannot determine local hostname
2025-06-12T21:23:09.606+07:00  INFO 8344 --- [loans] [           main] o.s.b.a.h2.H2ConsoleAutoConfiguration    : H2 console available at '/h2-console'. Database available at 'jdbc:h2:mem:testdb'
2025-06-12T21:23:10.708+07:00  INFO 8344 --- [loans] [           main] o.s.cloud.commons.util.InetUtils         : Cannot determine local hostname
2025-06-12T21:23:10.748+07:00  INFO 8344 --- [loans] [           main] DiscoveryClientOptionalArgsConfiguration : Eureka HTTP Client uses RestTemplate.
2025-06-12T21:23:10.812+07:00  WARN 8344 --- [loans] [           main] iguration$LoadBalancerCaffeineWarnLogger : Spring Cloud LoadBalancer is currently working with the default cache. While this cache implementation is useful for development and tests, it's recommended to use Caffeine cache in production.You can switch to using Caffeine cache, by adding it and org.springframework.cache.caffeine.CaffeineCacheManager to the classpath.
2025-06-12T21:23:10.836+07:00  INFO 8344 --- [loans] [           main] o.s.b.a.e.web.EndpointLinksResolver      : Exposing 18 endpoints beneath base path '/actuator'
2025-06-12T21:23:10.988+07:00  INFO 8344 --- [loans] [           main] o.s.c.n.eureka.InstanceInfoFactory       : Setting initial instance status as: STARTING
2025-06-12T21:23:11.019+07:00  INFO 8344 --- [loans] [           main] com.netflix.discovery.DiscoveryClient    : Initializing Eureka in region us-east-1
2025-06-12T21:23:11.028+07:00  INFO 8344 --- [loans] [           main] c.n.d.s.r.aws.ConfigClusterResolver      : Resolving eureka endpoints via configuration
2025-06-12T21:23:11.036+07:00  INFO 8344 --- [loans] [           main] com.netflix.discovery.DiscoveryClient    : Disable delta property : false
2025-06-12T21:23:11.036+07:00  INFO 8344 --- [loans] [           main] com.netflix.discovery.DiscoveryClient    : Single vip registry refresh property : null
2025-06-12T21:23:11.036+07:00  INFO 8344 --- [loans] [           main] com.netflix.discovery.DiscoveryClient    : Force full registry fetch : false
2025-06-12T21:23:11.036+07:00  INFO 8344 --- [loans] [           main] com.netflix.discovery.DiscoveryClient    : Application is null : false
2025-06-12T21:23:11.036+07:00  INFO 8344 --- [loans] [           main] com.netflix.discovery.DiscoveryClient    : Registered Applications size is zero : true
2025-06-12T21:23:11.036+07:00  INFO 8344 --- [loans] [           main] com.netflix.discovery.DiscoveryClient    : Application version is -1: true
2025-06-12T21:23:11.036+07:00  INFO 8344 --- [loans] [           main] com.netflix.discovery.DiscoveryClient    : Getting all instance registry info from the eureka server
2025-06-12T21:23:11.414+07:00  INFO 8344 --- [loans] [           main] com.netflix.discovery.DiscoveryClient    : The response status is 200
2025-06-12T21:23:11.416+07:00  INFO 8344 --- [loans] [           main] com.netflix.discovery.DiscoveryClient    : Starting heartbeat executor: renew interval is: 30
2025-06-12T21:23:11.420+07:00  INFO 8344 --- [loans] [           main] c.n.discovery.InstanceInfoReplicator     : InstanceInfoReplicator onDemand update allowed rate per min is 4
2025-06-12T21:23:11.422+07:00  INFO 8344 --- [loans] [           main] com.netflix.discovery.DiscoveryClient    : Discovery Client initialized at timestamp 1749738191422 with initial instances count: 2
2025-06-12T21:23:11.426+07:00  INFO 8344 --- [loans] [           main] o.s.c.n.e.s.EurekaServiceRegistry        : Registering application LOANS with eureka with status UP
2025-06-12T21:23:11.428+07:00  INFO 8344 --- [loans] [           main] com.netflix.discovery.DiscoveryClient    : Saw local status change event StatusChangeEvent [timestamp=1749738191428, current=UP, previous=STARTING]
2025-06-12T21:23:11.431+07:00  INFO 8344 --- [loans] [foReplicator-%d] com.netflix.discovery.DiscoveryClient    : DiscoveryClient_LOANS/localhost:loans:8087: registering service...
2025-06-12T21:23:11.456+07:00  INFO 8344 --- [loans] [           main] c.m.loans.LoansApplicationTests          : Started LoansApplicationTests in 17.547 seconds (process running for 19.498)
2025-06-12T21:23:11.501+07:00  INFO 8344 --- [loans] [foReplicator-%d] com.netflix.discovery.DiscoveryClient    : DiscoveryClient_LOANS/localhost:loans:8087 - registration status: 204
]]></system-out>
    <system-err><![CDATA[Mockito is currently self-attaching to enable the inline-mock-maker. This will no longer work in future releases of the JDK. Please add Mockito as an agent to your build what is described in Mockito's documentation: https://javadoc.io/doc/org.mockito/mockito-core/latest/org/mockito/Mockito.html#0.3
WARNING: A Java agent has been loaded dynamically (C:\Users\ASUS\.m2\repository\net\bytebuddy\byte-buddy-agent\1.15.11\byte-buddy-agent-1.15.11.jar)
WARNING: If a serviceability tool is in use, please run with -XX:+EnableDynamicAgentLoading to hide this warning
WARNING: If a serviceability tool is not in use, please run with -Djdk.instrument.traceUsage for more information
WARNING: Dynamic loading of agents will be disallowed by default in a future release
]]></system-err>
  </testcase>
</testsuite>